app/build/outputs/logs/manifest-merger-debug-report.txt
-- Merging decision tree log ---
manifest
ADDED from src/main/AndroidManifest.xml:2:1-67:12
INJECTED from src/main/AndroidManifest.xml:2:1-67:12
INJECTED from src/main/AndroidManifest.xml:2:1-67:12
INJECTED from src/main/AndroidManifest.xml:2:1-67:12
INJECTED from src/main/AndroidManifest.xml:2:1-67:12
INJECTED from src/main/AndroidManifest.xml:2:1-67:12
INJECTED from src/main/AndroidManifest.xml:2:1-67:12
	package
		ADDED from src/main/AndroidManifest.xml:3:2-33
		INJECTED from src/main/AndroidManifest.xml
		INJECTED from src/main/AndroidManifest.xml
	android:versionName
		ADDED from src/main/AndroidManifest.xml:4:2-31
		INJECTED from src/main/AndroidManifest.xml
		INJECTED from src/main/AndroidManifest.xml
	xmlns:android
		ADDED from src/main/AndroidManifest.xml:2:11-69
	android:versionCode
		ADDED from src/main/AndroidManifest.xml:3:34-58
		INJECTED from src/main/AndroidManifest.xml
		INJECTED from src/main/AndroidManifest.xml
uses-feature#android.hardware.nfc
ADDED from src/main/AndroidManifest.xml:6:2-7:29
	android:required
		ADDED from src/main/AndroidManifest.xml:7:3-26
	android:name
		ADDED from src/main/AndroidManifest.xml:6:16-51
uses-permission#android.permission.NFC
ADDED from src/main/AndroidManifest.xml:9:2-59
	android:name
		ADDED from src/main/AndroidManifest.xml:9:19-56
uses-permission#android.permission.INTERNET
ADDED from src/main/AndroidManifest.xml:10:2-63
	android:name
		ADDED from src/main/AndroidManifest.xml:10:19-61
application
ADDED from src/main/AndroidManifest.xml:12:2-65:16
	android:label
		ADDED from src/main/AndroidManifest.xml:14:3-35
	android:allowClearUserData
		ADDED from src/main/AndroidManifest.xml:13:3-36
	android:icon
		ADDED from src/main/AndroidManifest.xml:13:37-70
	android:allowBackup
		ADDED from src/main/AndroidManifest.xml:12:15-42
	android:theme
		ADDED from src/main/AndroidManifest.xml:14:36-84
meta-data#android.nfc.disable_beam_default
ADDED from src/main/AndroidManifest.xml:15:3-16:27
	android:value
		ADDED from src/main/AndroidManifest.xml:16:4-24
	android:name
		ADDED from src/main/AndroidManifest.xml:15:14-61
activity#com.idevity.card.read.SplashActivity
ADDED from src/main/AndroidManifest.xml:18:3-25:14
	android:label
		ADDED from src/main/AndroidManifest.xml:19:4-36
	android:theme
		ADDED from src/main/AndroidManifest.xml:20:4-74
	android:name
		ADDED from src/main/AndroidManifest.xml:18:13-64
intent-filter#action:name:android.intent.action.MAIN+category:name:android.intent.category.LAUNCHER
ADDED from src/main/AndroidManifest.xml:21:4-24:20
action#android.intent.action.MAIN
ADDED from src/main/AndroidManifest.xml:22:5-57
	android:name
		ADDED from src/main/AndroidManifest.xml:22:13-54
category#android.intent.category.LAUNCHER
ADDED from src/main/AndroidManifest.xml:23:5-65
	android:name
		ADDED from src/main/AndroidManifest.xml:23:15-62
activity#com.idevity.card.read.ReadMain
ADDED from src/main/AndroidManifest.xml:27:3-33:14
	android:parentActivityName
		ADDED from src/main/AndroidManifest.xml:30:4-64
	android:label
		ADDED from src/main/AndroidManifest.xml:29:4-52
	android:configChanges
		ADDED from src/main/AndroidManifest.xml:28:4-113
	android:name
		ADDED from src/main/AndroidManifest.xml:27:13-58
meta-data#android.support.PARENT_ACTIVITY
ADDED from src/main/AndroidManifest.xml:31:4-32:55
	android:value
		ADDED from src/main/AndroidManifest.xml:32:5-52
	android:name
		ADDED from src/main/AndroidManifest.xml:31:15-61
activity#com.idevity.card.read.Read80073
ADDED from src/main/AndroidManifest.xml:35:3-47:14
	android:parentActivityName
		ADDED from src/main/AndroidManifest.xml:38:4-69
	android:label
		ADDED from src/main/AndroidManifest.xml:37:4-52
	android:configChanges
		ADDED from src/main/AndroidManifest.xml:36:4-113
	android:name
		ADDED from src/main/AndroidManifest.xml:35:13-59
intent-filter#action:name:android.nfc.action.TECH_DISCOVERED+category:name:android.intent.category.DEFAULT
ADDED from src/main/AndroidManifest.xml:39:4-42:20
action#android.nfc.action.TECH_DISCOVERED
ADDED from src/main/AndroidManifest.xml:40:5-65
	android:name
		ADDED from src/main/AndroidManifest.xml:40:13-62
category#android.intent.category.DEFAULT
ADDED from src/main/AndroidManifest.xml:41:5-64
	android:name
		ADDED from src/main/AndroidManifest.xml:41:15-61
meta-data#android.nfc.action.TECH_DISCOVERED
ADDED from src/main/AndroidManifest.xml:43:4-44:49
	android:resource
		ADDED from src/main/AndroidManifest.xml:44:5-46
	android:name
		ADDED from src/main/AndroidManifest.xml:43:15-64
activity#com.idevity.card.read.IdevityInfo
ADDED from src/main/AndroidManifest.xml:49:3-51:14
	android:label
		ADDED from src/main/AndroidManifest.xml:50:4-55
	android:name
		ADDED from src/main/AndroidManifest.xml:49:13-61
activity#com.idevity.card.read.SettingsActivity
ADDED from src/main/AndroidManifest.xml:53:3-55:14
	android:label
		ADDED from src/main/AndroidManifest.xml:54:4-51
	android:name
		ADDED from src/main/AndroidManifest.xml:53:13-66
activity#com.idevity.card.read.Easter
ADDED from src/main/AndroidManifest.xml:57:3-59:14
	android:label
		ADDED from src/main/AndroidManifest.xml:58:4-49
	android:name
		ADDED from src/main/AndroidManifest.xml:57:13-56
activity#com.idevity.card.read.ReadPIN
ADDED from src/main/AndroidManifest.xml:61:3-63:14
	android:label
		ADDED from src/main/AndroidManifest.xml:62:4-46
	android:name
		ADDED from src/main/AndroidManifest.xml:61:13-57
uses-sdk
INJECTED from src/main/AndroidManifest.xml reason: use-sdk injection requested
INJECTED from src/main/AndroidManifest.xml
INJECTED from src/main/AndroidManifest.xml
INJECTED from src/main/AndroidManifest.xml
INJECTED from src/main/AndroidManifest.xml
	android:targetSdkVersion
		INJECTED from src/main/AndroidManifest.xml
		ADDED from src/main/AndroidManifest.xml
		INJECTED from src/main/AndroidManifest.xml
	android:minSdkVersion
		INJECTED from src/main/AndroidManifest.xml
		ADDED from src/main/AndroidManifest.xml
		INJECTED from src/main/AndroidManifest.xml